#! /usr/local/Cellar/icarus-verilog/11.0/bin/vvp
:ivl_version "11.0 (stable)";
:ivl_delay_selection "TYPICAL";
:vpi_time_precision - 9;
:vpi_module "/usr/local/Cellar/icarus-verilog/11.0/lib/ivl/system.vpi";
:vpi_module "/usr/local/Cellar/icarus-verilog/11.0/lib/ivl/vhdl_sys.vpi";
:vpi_module "/usr/local/Cellar/icarus-verilog/11.0/lib/ivl/vhdl_textio.vpi";
:vpi_module "/usr/local/Cellar/icarus-verilog/11.0/lib/ivl/v2005_math.vpi";
:vpi_module "/usr/local/Cellar/icarus-verilog/11.0/lib/ivl/va_math.vpi";
S_0x7fd3b77045c0 .scope module, "cmosnor_td" "cmosnor_td" 2 3;
 .timescale -9 -9;
v0x6000023106c0_0 .var "a", 0 0;
v0x600002310750_0 .var "b", 0 0;
RS_0x7fd3b8032068 .resolv tri, L_0x600003a10a80, L_0x600003a10af0, L_0x600003a10bd0;
v0x6000023107e0_0 .net8 "y", 0 0, RS_0x7fd3b8032068;  3 drivers, strength-aware
S_0x7fd3b7704730 .scope module, "cmos_nor" "cmosnor" 2 8, 3 2 0, S_0x7fd3b77045c0;
 .timescale 0 0;
    .port_info 0 /OUTPUT 1 "f";
    .port_info 1 /INPUT 1 "a";
    .port_info 2 /INPUT 1 "b";
L_0x600003a109a0 .functor BUFT 1, C8<770>, C4<0>, C4<0>, C4<0>;
L_0x600003a10a80 .functor NMOS 1, L_0x600003a109a0, v0x6000023106c0_0, C4<0>, C4<0>;
L_0x600003a10af0 .functor NMOS 1, L_0x600003a109a0, v0x600002310750_0, C4<0>, C4<0>;
L_0x600003a10a10 .functor BUFT 1, C8<771>, C4<0>, C4<0>, C4<0>;
L_0x600003a10b60 .functor PMOS 1, L_0x600003a10a10, v0x6000023106c0_0, C4<0>, C4<0>;
L_0x600003a10bd0 .functor PMOS 1, L_0x600003a10b60, v0x600002310750_0, C4<0>, C4<0>;
v0x600002310360_0 .net "a", 0 0, v0x6000023106c0_0;  1 drivers
v0x6000023103f0_0 .net "b", 0 0, v0x600002310750_0;  1 drivers
v0x600002310480_0 .net8 "f", 0 0, RS_0x7fd3b8032068;  alias, 3 drivers, strength-aware
v0x600002310510_0 .net8 "gnd", 0 0, L_0x600003a109a0;  1 drivers, strength-aware
v0x6000023105a0_0 .net8 "vdd", 0 0, L_0x600003a10a10;  1 drivers, strength-aware
v0x600002310630_0 .net8 "w_p", 0 0, L_0x600003a10b60;  1 drivers, strength-aware
    .scope S_0x7fd3b77045c0;
T_0 ;
    %pushi/vec4 0, 0, 1;
    %store/vec4 v0x6000023106c0_0, 0, 1;
    %pushi/vec4 0, 0, 1;
    %store/vec4 v0x600002310750_0, 0, 1;
    %delay 1, 0;
    %pushi/vec4 0, 0, 1;
    %store/vec4 v0x6000023106c0_0, 0, 1;
    %pushi/vec4 1, 0, 1;
    %store/vec4 v0x600002310750_0, 0, 1;
    %delay 1, 0;
    %pushi/vec4 1, 0, 1;
    %store/vec4 v0x6000023106c0_0, 0, 1;
    %pushi/vec4 0, 0, 1;
    %store/vec4 v0x600002310750_0, 0, 1;
    %delay 1, 0;
    %pushi/vec4 1, 0, 1;
    %store/vec4 v0x6000023106c0_0, 0, 1;
    %pushi/vec4 1, 0, 1;
    %store/vec4 v0x600002310750_0, 0, 1;
    %delay 1, 0;
    %vpi_call 2 14 "$finish" {0 0 0};
    %end;
    .thread T_0;
    .scope S_0x7fd3b77045c0;
T_1 ;
    %vpi_call 2 18 "$monitor", "%2d:\011a = %b\011b = %b\011y = %b", $time, v0x6000023106c0_0, v0x600002310750_0, v0x6000023107e0_0 {0 0 0};
    %end;
    .thread T_1;
    .scope S_0x7fd3b77045c0;
T_2 ;
    %vpi_call 2 22 "$dumpfile", "cmosnor.vcd" {0 0 0};
    %vpi_call 2 23 "$dumpvars" {0 0 0};
    %end;
    .thread T_2;
# The file index is used to find the file name in the following table.
:file_names 4;
    "N/A";
    "<interactive>";
    "cmosnor_tb.v";
    "cmosnor.v";
