#! /c/Source/iverilog-install/bin/vvp
:ivl_version "12.0 (devel)" "(s20150603-1110-g18392a46)";
:ivl_delay_selection "TYPICAL";
:vpi_time_precision - 9;
:vpi_module "C:\iverilog\lib\ivl\system.vpi";
:vpi_module "C:\iverilog\lib\ivl\vhdl_sys.vpi";
:vpi_module "C:\iverilog\lib\ivl\vhdl_textio.vpi";
:vpi_module "C:\iverilog\lib\ivl\v2005_math.vpi";
:vpi_module "C:\iverilog\lib\ivl\va_math.vpi";
S_000001e4e3f369a0 .scope module, "and_gate_tb" "and_gate_tb" 2 3;
 .timescale -9 -9;
v000001e4e3f341f0_0 .var "a", 0 0;
v000001e4e3f346f0_0 .var "b", 0 0;
RS_000001e4e3f3a1e8 .resolv tri, L_000001e4e3f25c30, L_000001e4e3f25ca0;
v000001e4e3f340b0_0 .net8 "y", 0 0, RS_000001e4e3f3a1e8;  2 drivers, strength-aware
S_000001e4e3f36b30 .scope module, "gatetb" "and_gate" 2 8, 3 5 0, S_000001e4e3f369a0;
 .timescale 0 0;
    .port_info 0 /OUTPUT 1 "f";
    .port_info 1 /INPUT 1 "a";
    .port_info 2 /INPUT 1 "b";
v000001e4e3f34510_0 .net "a", 0 0, v000001e4e3f341f0_0;  1 drivers
v000001e4e3f33e30_0 .net "b", 0 0, v000001e4e3f346f0_0;  1 drivers
v000001e4e3f34470_0 .net8 "f", 0 0, RS_000001e4e3f3a1e8;  alias, 2 drivers, strength-aware
RS_000001e4e3f3a038 .resolv tri, L_000001e4e3f25a70, L_000001e4e3f25ae0, L_000001e4e3f25d10;
v000001e4e3f345b0_0 .net8 "w_1", 0 0, RS_000001e4e3f3a038;  3 drivers, strength-aware
S_000001e4e3f36cc0 .scope module, "and1" "cmosnand" 3 12, 4 2 0, S_000001e4e3f36b30;
 .timescale 0 0;
    .port_info 0 /OUTPUT 1 "f";
    .port_info 1 /INPUT 1 "a";
    .port_info 2 /INPUT 1 "b";
L_000001e4e3f25b50 .functor BUFT 1, C8<771>, C4<0>, C4<0>, C4<0>;
L_000001e4e3f25a70 .functor PMOS 1, L_000001e4e3f25b50, v000001e4e3f341f0_0, C4<0>, C4<0>;
L_000001e4e3f25ae0 .functor PMOS 1, L_000001e4e3f25b50, v000001e4e3f346f0_0, C4<0>, C4<0>;
L_000001e4e3f25d10 .functor NMOS 1, L_000001e4e3f25bc0, v000001e4e3f341f0_0, C4<0>, C4<0>;
L_000001e4e3f25e60 .functor BUFT 1, C8<770>, C4<0>, C4<0>, C4<0>;
L_000001e4e3f25bc0 .functor NMOS 1, L_000001e4e3f25e60, v000001e4e3f346f0_0, C4<0>, C4<0>;
v000001e4e3f033c0_0 .net "a", 0 0, v000001e4e3f341f0_0;  alias, 1 drivers
v000001e4e3e7db20_0 .net "b", 0 0, v000001e4e3f346f0_0;  alias, 1 drivers
v000001e4e3e7cc20_0 .net8 "f", 0 0, RS_000001e4e3f3a038;  alias, 3 drivers, strength-aware
v000001e4e3e7ccc0_0 .net8 "gnd", 0 0, L_000001e4e3f25e60;  1 drivers, strength-aware
v000001e4e3e7cd60_0 .net8 "vdd", 0 0, L_000001e4e3f25b50;  1 drivers, strength-aware
v000001e4e3e7ce00_0 .net8 "w_n", 0 0, L_000001e4e3f25bc0;  1 drivers, strength-aware
S_000001e4e3e7cea0 .scope module, "not1" "cmosnot" 3 13, 5 2 0, S_000001e4e3f36b30;
 .timescale 0 0;
    .port_info 0 /OUTPUT 1 "y";
    .port_info 1 /INPUT 1 "a";
L_000001e4e3f25fb0 .functor BUFT 1, C8<771>, C4<0>, C4<0>, C4<0>;
L_000001e4e3f25c30 .functor PMOS 1, L_000001e4e3f25fb0, RS_000001e4e3f3a038, C4<0>, C4<0>;
L_000001e4e3f25ed0 .functor BUFT 1, C8<770>, C4<0>, C4<0>, C4<0>;
L_000001e4e3f25ca0 .functor NMOS 1, L_000001e4e3f25ed0, RS_000001e4e3f3a038, C4<0>, C4<0>;
v000001e4e3e7d030_0 .net8 "a", 0 0, RS_000001e4e3f3a038;  alias, 3 drivers, strength-aware
v000001e4e3f33930_0 .net8 "gnd", 0 0, L_000001e4e3f25ed0;  1 drivers, strength-aware
v000001e4e3f33a70_0 .net8 "vdd", 0 0, L_000001e4e3f25fb0;  1 drivers, strength-aware
v000001e4e3f33d90_0 .net8 "y", 0 0, RS_000001e4e3f3a1e8;  alias, 2 drivers, strength-aware
    .scope S_000001e4e3f369a0;
T_0 ;
    %pushi/vec4 0, 0, 1;
    %store/vec4 v000001e4e3f341f0_0, 0, 1;
    %pushi/vec4 0, 0, 1;
    %store/vec4 v000001e4e3f346f0_0, 0, 1;
    %delay 1, 0;
    %pushi/vec4 0, 0, 1;
    %store/vec4 v000001e4e3f341f0_0, 0, 1;
    %pushi/vec4 1, 0, 1;
    %store/vec4 v000001e4e3f346f0_0, 0, 1;
    %delay 1, 0;
    %pushi/vec4 1, 0, 1;
    %store/vec4 v000001e4e3f341f0_0, 0, 1;
    %pushi/vec4 0, 0, 1;
    %store/vec4 v000001e4e3f346f0_0, 0, 1;
    %delay 1, 0;
    %pushi/vec4 1, 0, 1;
    %store/vec4 v000001e4e3f341f0_0, 0, 1;
    %pushi/vec4 1, 0, 1;
    %store/vec4 v000001e4e3f346f0_0, 0, 1;
    %delay 1, 0;
    %vpi_call 2 14 "$finish" {0 0 0};
    %end;
    .thread T_0;
    .scope S_000001e4e3f369a0;
T_1 ;
    %vpi_call 2 18 "$monitor", "%2d:\011a = %b\011b = %b\011y = %b", $time, v000001e4e3f341f0_0, v000001e4e3f346f0_0, v000001e4e3f340b0_0 {0 0 0};
    %end;
    .thread T_1;
    .scope S_000001e4e3f369a0;
T_2 ;
    %vpi_call 2 22 "$dumpfile", "and_gate.vcd" {0 0 0};
    %vpi_call 2 23 "$dumpvars" {0 0 0};
    %end;
    .thread T_2;
# The file index is used to find the file name in the following table.
:file_names 6;
    "N/A";
    "<interactive>";
    ".\and_gate_tb.v";
    ".\and_gate.v";
    "./cmosnand.v";
    "./cmosnot.v";
