#! /usr/local/Cellar/icarus-verilog/11.0/bin/vvp
:ivl_version "11.0 (stable)";
:ivl_delay_selection "TYPICAL";
:vpi_time_precision - 9;
:vpi_module "/usr/local/Cellar/icarus-verilog/11.0/lib/ivl/system.vpi";
:vpi_module "/usr/local/Cellar/icarus-verilog/11.0/lib/ivl/vhdl_sys.vpi";
:vpi_module "/usr/local/Cellar/icarus-verilog/11.0/lib/ivl/vhdl_textio.vpi";
:vpi_module "/usr/local/Cellar/icarus-verilog/11.0/lib/ivl/v2005_math.vpi";
:vpi_module "/usr/local/Cellar/icarus-verilog/11.0/lib/ivl/va_math.vpi";
S_0x7fbe9df05dc0 .scope module, "ME_tb" "ME_tb" 2 2;
 .timescale -9 -9;
v0x7fbe9df0c600_0 .var "clk", 0 0;
v0x7fbe9df0c6a0_0 .var "direction", 1 0;
v0x7fbe9df0c750_0 .net "estado_salida", 5 0, v0x7fbe9df0c500_0;  1 drivers
S_0x7fbe9df05f30 .scope module, "test1" "m_e" 2 9, 3 1 0, S_0x7fbe9df05dc0;
 .timescale 0 0;
    .port_info 0 /INPUT 1 "clk";
    .port_info 1 /INPUT 2 "direction";
    .port_info 2 /OUTPUT 6 "estado_salida";
P_0x7fbe9df060f0 .param/l "ESTADO_0" 0 3 9, C4<000000>;
P_0x7fbe9df06130 .param/l "ESTADO_1" 0 3 10, C4<000100>;
P_0x7fbe9df06170 .param/l "ESTADO_2" 0 3 11, C4<000110>;
P_0x7fbe9df061b0 .param/l "ESTADO_3" 0 3 12, C4<000111>;
P_0x7fbe9df061f0 .param/l "ESTADO_4" 0 3 13, C4<001000>;
P_0x7fbe9df06230 .param/l "ESTADO_5" 0 3 14, C4<011000>;
P_0x7fbe9df06270 .param/l "ESTADO_6" 0 3 15, C4<111000>;
v0x7fbe9df06550_0 .var "ESTADO_PREV", 5 0;
v0x7fbe9df0c3a0_0 .net "clk", 0 0, v0x7fbe9df0c600_0;  1 drivers
v0x7fbe9df0c440_0 .net "direction", 1 0, v0x7fbe9df0c6a0_0;  1 drivers
v0x7fbe9df0c500_0 .var "estado_salida", 5 0;
E_0x7fbe9df06500 .event posedge, v0x7fbe9df0c3a0_0;
    .scope S_0x7fbe9df05f30;
T_0 ;
    %wait E_0x7fbe9df06500;
    %load/vec4 v0x7fbe9df0c500_0;
    %dup/vec4;
    %pushi/vec4 0, 0, 6;
    %cmp/u;
    %jmp/1 T_0.0, 6;
    %dup/vec4;
    %pushi/vec4 4, 0, 6;
    %cmp/u;
    %jmp/1 T_0.1, 6;
    %dup/vec4;
    %pushi/vec4 6, 0, 6;
    %cmp/u;
    %jmp/1 T_0.2, 6;
    %dup/vec4;
    %pushi/vec4 7, 0, 6;
    %cmp/u;
    %jmp/1 T_0.3, 6;
    %dup/vec4;
    %pushi/vec4 8, 0, 6;
    %cmp/u;
    %jmp/1 T_0.4, 6;
    %dup/vec4;
    %pushi/vec4 24, 0, 6;
    %cmp/u;
    %jmp/1 T_0.5, 6;
    %dup/vec4;
    %pushi/vec4 56, 0, 6;
    %cmp/u;
    %jmp/1 T_0.6, 6;
    %pushi/vec4 0, 0, 6;
    %assign/vec4 v0x7fbe9df0c500_0, 0;
    %jmp T_0.8;
T_0.0 ;
    %load/vec4 v0x7fbe9df0c440_0;
    %cmpi/e 1, 0, 2;
    %jmp/0xz  T_0.9, 4;
    %pushi/vec4 4, 0, 6;
    %assign/vec4 v0x7fbe9df0c500_0, 0;
    %jmp T_0.10;
T_0.9 ;
    %load/vec4 v0x7fbe9df0c440_0;
    %cmpi/e 2, 0, 2;
    %jmp/0xz  T_0.11, 4;
    %pushi/vec4 8, 0, 6;
    %assign/vec4 v0x7fbe9df0c500_0, 0;
    %jmp T_0.12;
T_0.11 ;
    %pushi/vec4 0, 0, 6;
    %assign/vec4 v0x7fbe9df0c500_0, 0;
T_0.12 ;
T_0.10 ;
    %pushi/vec4 0, 0, 6;
    %assign/vec4 v0x7fbe9df06550_0, 0;
    %jmp T_0.8;
T_0.1 ;
    %load/vec4 v0x7fbe9df06550_0;
    %cmpi/e 0, 0, 6;
    %jmp/0xz  T_0.13, 4;
    %pushi/vec4 6, 0, 6;
    %assign/vec4 v0x7fbe9df0c500_0, 0;
    %jmp T_0.14;
T_0.13 ;
    %load/vec4 v0x7fbe9df06550_0;
    %cmpi/e 6, 0, 6;
    %jmp/0xz  T_0.15, 4;
    %pushi/vec4 0, 0, 6;
    %assign/vec4 v0x7fbe9df0c500_0, 0;
T_0.15 ;
T_0.14 ;
    %pushi/vec4 4, 0, 6;
    %assign/vec4 v0x7fbe9df06550_0, 0;
    %jmp T_0.8;
T_0.2 ;
    %load/vec4 v0x7fbe9df06550_0;
    %cmpi/e 4, 0, 6;
    %jmp/0xz  T_0.17, 4;
    %pushi/vec4 7, 0, 6;
    %assign/vec4 v0x7fbe9df0c500_0, 0;
    %jmp T_0.18;
T_0.17 ;
    %load/vec4 v0x7fbe9df06550_0;
    %cmpi/e 7, 0, 6;
    %jmp/0xz  T_0.19, 4;
    %pushi/vec4 4, 0, 6;
    %assign/vec4 v0x7fbe9df0c500_0, 0;
T_0.19 ;
T_0.18 ;
    %pushi/vec4 6, 0, 6;
    %assign/vec4 v0x7fbe9df06550_0, 0;
    %jmp T_0.8;
T_0.3 ;
    %load/vec4 v0x7fbe9df0c440_0;
    %cmpi/e 1, 0, 2;
    %jmp/0xz  T_0.21, 4;
    %pushi/vec4 7, 0, 6;
    %assign/vec4 v0x7fbe9df0c500_0, 0;
    %jmp T_0.22;
T_0.21 ;
    %pushi/vec4 6, 0, 6;
    %assign/vec4 v0x7fbe9df0c500_0, 0;
T_0.22 ;
    %pushi/vec4 7, 0, 6;
    %assign/vec4 v0x7fbe9df06550_0, 0;
    %jmp T_0.8;
T_0.4 ;
    %load/vec4 v0x7fbe9df06550_0;
    %cmpi/e 0, 0, 6;
    %jmp/0xz  T_0.23, 4;
    %pushi/vec4 8, 0, 6;
    %assign/vec4 v0x7fbe9df0c500_0, 0;
    %jmp T_0.24;
T_0.23 ;
    %load/vec4 v0x7fbe9df06550_0;
    %cmpi/e 24, 0, 6;
    %jmp/0xz  T_0.25, 4;
    %pushi/vec4 0, 0, 6;
    %assign/vec4 v0x7fbe9df0c500_0, 0;
T_0.25 ;
T_0.24 ;
    %pushi/vec4 8, 0, 6;
    %assign/vec4 v0x7fbe9df06550_0, 0;
    %jmp T_0.8;
T_0.5 ;
    %load/vec4 v0x7fbe9df06550_0;
    %cmpi/e 8, 0, 6;
    %jmp/0xz  T_0.27, 4;
    %pushi/vec4 56, 0, 6;
    %assign/vec4 v0x7fbe9df0c500_0, 0;
    %jmp T_0.28;
T_0.27 ;
    %load/vec4 v0x7fbe9df06550_0;
    %cmpi/e 56, 0, 6;
    %jmp/0xz  T_0.29, 4;
    %pushi/vec4 8, 0, 6;
    %assign/vec4 v0x7fbe9df0c500_0, 0;
T_0.29 ;
T_0.28 ;
    %pushi/vec4 24, 0, 6;
    %assign/vec4 v0x7fbe9df06550_0, 0;
    %jmp T_0.8;
T_0.6 ;
    %load/vec4 v0x7fbe9df0c440_0;
    %cmpi/e 2, 0, 2;
    %jmp/0xz  T_0.31, 4;
    %pushi/vec4 56, 0, 6;
    %assign/vec4 v0x7fbe9df0c500_0, 0;
    %jmp T_0.32;
T_0.31 ;
    %pushi/vec4 24, 0, 6;
    %assign/vec4 v0x7fbe9df0c500_0, 0;
T_0.32 ;
    %pushi/vec4 56, 0, 6;
    %assign/vec4 v0x7fbe9df06550_0, 0;
    %jmp T_0.8;
T_0.8 ;
    %pop/vec4 1;
    %jmp T_0;
    .thread T_0;
    .scope S_0x7fbe9df05dc0;
T_1 ;
    %pushi/vec4 0, 0, 1;
    %store/vec4 v0x7fbe9df0c600_0, 0, 1;
T_1.0 ;
    %delay 1, 0;
    %load/vec4 v0x7fbe9df0c600_0;
    %inv;
    %store/vec4 v0x7fbe9df0c600_0, 0, 1;
    %jmp T_1.0;
    %end;
    .thread T_1;
    .scope S_0x7fbe9df05dc0;
T_2 ;
    %pushi/vec4 1, 0, 2;
    %store/vec4 v0x7fbe9df0c6a0_0, 0, 2;
    %delay 1, 0;
    %vpi_call 2 19 "$display", "direction=%b, e_salida=%b", v0x7fbe9df0c6a0_0, v0x7fbe9df0c750_0 {0 0 0};
    %delay 1, 0;
    %delay 1, 0;
    %vpi_call 2 24 "$display", "direction=%b, e_salida=%b", v0x7fbe9df0c6a0_0, v0x7fbe9df0c750_0 {0 0 0};
    %delay 1, 0;
    %pushi/vec4 0, 0, 2;
    %store/vec4 v0x7fbe9df0c6a0_0, 0, 2;
    %delay 1, 0;
    %vpi_call 2 30 "$display", "direction=%b, e_salida=%b", v0x7fbe9df0c6a0_0, v0x7fbe9df0c750_0 {0 0 0};
    %delay 1, 0;
    %delay 1, 0;
    %vpi_call 2 34 "$display", "direction=%b, e_salida=%b", v0x7fbe9df0c6a0_0, v0x7fbe9df0c750_0 {0 0 0};
    %delay 1, 0;
    %delay 1, 0;
    %vpi_call 2 38 "$display", "direction=%b, e_salida=%b", v0x7fbe9df0c6a0_0, v0x7fbe9df0c750_0 {0 0 0};
    %delay 1, 0;
    %delay 1, 0;
    %vpi_call 2 42 "$display", "direction=%b, e_salida=%b", v0x7fbe9df0c6a0_0, v0x7fbe9df0c750_0 {0 0 0};
    %delay 1, 0;
    %delay 1, 0;
    %vpi_call 2 46 "$display", "direction=%b, e_salida=%b", v0x7fbe9df0c6a0_0, v0x7fbe9df0c750_0 {0 0 0};
    %delay 1, 0;
    %delay 1, 0;
    %vpi_call 2 50 "$display", "direction=%b, e_salida=%b", v0x7fbe9df0c6a0_0, v0x7fbe9df0c750_0 {0 0 0};
    %delay 1, 0;
    %delay 1, 0;
    %vpi_call 2 54 "$display", "direction=%b, e_salida=%b", v0x7fbe9df0c6a0_0, v0x7fbe9df0c750_0 {0 0 0};
    %delay 1, 0;
    %vpi_call 2 57 "$finish" {0 0 0};
    %end;
    .thread T_2;
    .scope S_0x7fbe9df05dc0;
T_3 ;
    %vpi_call 2 63 "$dumpfile", "m_e.vcd" {0 0 0};
    %vpi_call 2 64 "$dumpvars" {0 0 0};
    %end;
    .thread T_3;
# The file index is used to find the file name in the following table.
:file_names 4;
    "N/A";
    "<interactive>";
    "ME_tb.v";
    "ME.v";
