#! /usr/local/Cellar/icarus-verilog/11.0/bin/vvp
:ivl_version "11.0 (stable)";
:ivl_delay_selection "TYPICAL";
:vpi_time_precision - 9;
:vpi_module "/usr/local/Cellar/icarus-verilog/11.0/lib/ivl/system.vpi";
:vpi_module "/usr/local/Cellar/icarus-verilog/11.0/lib/ivl/vhdl_sys.vpi";
:vpi_module "/usr/local/Cellar/icarus-verilog/11.0/lib/ivl/vhdl_textio.vpi";
:vpi_module "/usr/local/Cellar/icarus-verilog/11.0/lib/ivl/v2005_math.vpi";
:vpi_module "/usr/local/Cellar/icarus-verilog/11.0/lib/ivl/va_math.vpi";
S_0x7fd6330092c0 .scope module, "counter1_100_tb" "counter1_100_tb" 2 53;
 .timescale -9 -9;
v0x7fd6330239e0_0 .var "btn_down", 0 0;
v0x7fd633023a90_0 .var "btn_up", 0 0;
v0x7fd633023b20_0 .var "clk", 0 0;
v0x7fd633023bd0_0 .net "count", 6 0, v0x7fd633023720_0;  1 drivers
v0x7fd633023c80_0 .var "rst", 0 0;
S_0x7fd633009430 .scope module, "test1" "counter" 2 61, 3 1 0, S_0x7fd6330092c0;
 .timescale 0 0;
    .port_info 0 /INPUT 1 "clk";
    .port_info 1 /INPUT 1 "rst";
    .port_info 2 /INPUT 1 "btn_up";
    .port_info 3 /INPUT 1 "btn_down";
    .port_info 4 /OUTPUT 7 "count";
P_0x7fd6330053e0 .param/l "COUNT_MAX" 0 3 11, C4<0000011>;
P_0x7fd633005420 .param/l "COUNT_MIN" 0 3 10, C4<0000001>;
v0x7fd6330054e0_0 .net "btn_down", 0 0, v0x7fd6330239e0_0;  1 drivers
v0x7fd6330235d0_0 .net "btn_up", 0 0, v0x7fd633023a90_0;  1 drivers
v0x7fd633023670_0 .net "clk", 0 0, v0x7fd633023b20_0;  1 drivers
v0x7fd633023720_0 .var "count", 6 0;
v0x7fd6330237d0_0 .net "rst", 0 0, v0x7fd633023c80_0;  1 drivers
v0x7fd6330238b0_0 .var "state", 6 0;
E_0x7fd6330068c0 .event edge, v0x7fd6330238b0_0;
E_0x7fd633006220 .event posedge, v0x7fd633023670_0;
E_0x7fd63300caf0 .event negedge, v0x7fd6330237d0_0;
    .scope S_0x7fd633009430;
T_0 ;
    %pushi/vec4 1, 0, 7;
    %store/vec4 v0x7fd6330238b0_0, 0, 7;
    %end;
    .thread T_0;
    .scope S_0x7fd633009430;
T_1 ;
    %wait E_0x7fd63300caf0;
    %pushi/vec4 1, 0, 7;
    %assign/vec4 v0x7fd6330238b0_0, 0;
    %jmp T_1;
    .thread T_1;
    .scope S_0x7fd633009430;
T_2 ;
    %wait E_0x7fd633006220;
    %load/vec4 v0x7fd6330235d0_0;
    %load/vec4 v0x7fd6330238b0_0;
    %pushi/vec4 3, 0, 7;
    %cmp/ne;
    %flag_get/vec4 4;
    %and;
    %flag_set/vec4 8;
    %jmp/0xz  T_2.0, 8;
    %load/vec4 v0x7fd6330238b0_0;
    %addi 1, 0, 7;
    %assign/vec4 v0x7fd6330238b0_0, 0;
    %jmp T_2.1;
T_2.0 ;
    %load/vec4 v0x7fd6330235d0_0;
    %load/vec4 v0x7fd6330238b0_0;
    %pushi/vec4 3, 0, 7;
    %cmp/e;
    %flag_get/vec4 4;
    %and;
    %flag_set/vec4 8;
    %jmp/0xz  T_2.2, 8;
    %pushi/vec4 1, 0, 7;
    %assign/vec4 v0x7fd6330238b0_0, 0;
    %jmp T_2.3;
T_2.2 ;
    %load/vec4 v0x7fd6330054e0_0;
    %load/vec4 v0x7fd6330238b0_0;
    %pushi/vec4 1, 0, 7;
    %cmp/ne;
    %flag_get/vec4 4;
    %and;
    %flag_set/vec4 8;
    %jmp/0xz  T_2.4, 8;
    %load/vec4 v0x7fd6330238b0_0;
    %subi 1, 0, 7;
    %assign/vec4 v0x7fd6330238b0_0, 0;
    %jmp T_2.5;
T_2.4 ;
    %load/vec4 v0x7fd6330054e0_0;
    %load/vec4 v0x7fd6330238b0_0;
    %pushi/vec4 1, 0, 7;
    %cmp/e;
    %flag_get/vec4 4;
    %and;
    %flag_set/vec4 8;
    %jmp/0xz  T_2.6, 8;
    %pushi/vec4 3, 0, 7;
    %assign/vec4 v0x7fd6330238b0_0, 0;
    %jmp T_2.7;
T_2.6 ;
    %load/vec4 v0x7fd6330238b0_0;
    %assign/vec4 v0x7fd6330238b0_0, 0;
T_2.7 ;
T_2.5 ;
T_2.3 ;
T_2.1 ;
    %jmp T_2;
    .thread T_2;
    .scope S_0x7fd633009430;
T_3 ;
    %wait E_0x7fd6330068c0;
    %load/vec4 v0x7fd6330238b0_0;
    %assign/vec4 v0x7fd633023720_0, 0;
    %jmp T_3;
    .thread T_3, $push;
    .scope S_0x7fd6330092c0;
T_4 ;
    %pushi/vec4 0, 0, 1;
    %store/vec4 v0x7fd633023b20_0, 0, 1;
T_4.0 ;
    %delay 1, 0;
    %load/vec4 v0x7fd633023b20_0;
    %inv;
    %store/vec4 v0x7fd633023b20_0, 0, 1;
    %jmp T_4.0;
    %end;
    .thread T_4;
    .scope S_0x7fd6330092c0;
T_5 ;
    %pushi/vec4 1, 0, 1;
    %store/vec4 v0x7fd633023a90_0, 0, 1;
    %pushi/vec4 0, 0, 1;
    %store/vec4 v0x7fd6330239e0_0, 0, 1;
    %delay 1, 0;
    %vpi_call 2 72 "$display", "btnUP=%b, btnDOWN=%b, count=%b", v0x7fd633023a90_0, v0x7fd6330239e0_0, v0x7fd633023bd0_0 {0 0 0};
    %delay 1, 0;
    %vpi_call 2 74 "$display", "btnUP=%b, btnDOWN=%b, count=%b", v0x7fd633023a90_0, v0x7fd6330239e0_0, v0x7fd633023bd0_0 {0 0 0};
    %delay 1, 0;
    %vpi_call 2 76 "$display", "btnUP=%b, btnDOWN=%b, count=%b", v0x7fd633023a90_0, v0x7fd6330239e0_0, v0x7fd633023bd0_0 {0 0 0};
    %delay 1, 0;
    %vpi_call 2 78 "$display", "btnUP=%b, btnDOWN=%b, count=%b", v0x7fd633023a90_0, v0x7fd6330239e0_0, v0x7fd633023bd0_0 {0 0 0};
    %delay 1, 0;
    %vpi_call 2 80 "$display", "btnUP=%b, btnDOWN=%b, count=%b", v0x7fd633023a90_0, v0x7fd6330239e0_0, v0x7fd633023bd0_0 {0 0 0};
    %delay 1, 0;
    %vpi_call 2 82 "$display", "btnUP=%b, btnDOWN=%b, count=%b", v0x7fd633023a90_0, v0x7fd6330239e0_0, v0x7fd633023bd0_0 {0 0 0};
    %delay 1, 0;
    %vpi_call 2 84 "$display", "btnUP=%b, btnDOWN=%b, count=%b", v0x7fd633023a90_0, v0x7fd6330239e0_0, v0x7fd633023bd0_0 {0 0 0};
    %delay 1, 0;
    %vpi_call 2 86 "$display", "btnUP=%b, btnDOWN=%b, count=%b", v0x7fd633023a90_0, v0x7fd6330239e0_0, v0x7fd633023bd0_0 {0 0 0};
    %vpi_call 2 88 "$finish" {0 0 0};
    %end;
    .thread T_5;
    .scope S_0x7fd6330092c0;
T_6 ;
    %vpi_call 2 92 "$dumpfile", "counter1_100.vcd" {0 0 0};
    %vpi_call 2 93 "$dumpvars" {0 0 0};
    %end;
    .thread T_6;
# The file index is used to find the file name in the following table.
:file_names 4;
    "N/A";
    "<interactive>";
    "counter1_100_tb.v";
    "counter1_100.v";
