#! /usr/local/Cellar/icarus-verilog/11.0/bin/vvp
:ivl_version "11.0 (stable)";
:ivl_delay_selection "TYPICAL";
:vpi_time_precision - 9;
:vpi_module "/usr/local/Cellar/icarus-verilog/11.0/lib/ivl/system.vpi";
:vpi_module "/usr/local/Cellar/icarus-verilog/11.0/lib/ivl/vhdl_sys.vpi";
:vpi_module "/usr/local/Cellar/icarus-verilog/11.0/lib/ivl/vhdl_textio.vpi";
:vpi_module "/usr/local/Cellar/icarus-verilog/11.0/lib/ivl/v2005_math.vpi";
:vpi_module "/usr/local/Cellar/icarus-verilog/11.0/lib/ivl/va_math.vpi";
S_0x7fa55010f470 .scope module, "ME_tb" "ME_tb" 2 2;
 .timescale -9 -9;
v0x7fa55011fbc0_0 .var "clk", 0 0;
v0x7fa55011fc60_0 .var "direction", 1 0;
v0x7fa55011fd10_0 .net "estado_salida", 5 0, v0x7fa55011fab0_0;  1 drivers
S_0x7fa55010f5e0 .scope module, "test1" "m_e" 2 9, 3 1 0, S_0x7fa55010f470;
 .timescale 0 0;
    .port_info 0 /INPUT 1 "clk";
    .port_info 1 /INPUT 2 "direction";
    .port_info 2 /OUTPUT 6 "estado_salida";
P_0x7fa55010f7a0 .param/l "ESTADO_0" 0 3 9, C4<000000>;
P_0x7fa55010f7e0 .param/l "ESTADO_1" 0 3 10, C4<000100>;
P_0x7fa55010f820 .param/l "ESTADO_2" 0 3 11, C4<000110>;
P_0x7fa55010f860 .param/l "ESTADO_3" 0 3 12, C4<000111>;
P_0x7fa55010f8a0 .param/l "ESTADO_4" 0 3 13, C4<001000>;
P_0x7fa55010f8e0 .param/l "ESTADO_5" 0 3 14, C4<011000>;
P_0x7fa55010f920 .param/l "ESTADO_6" 0 3 15, C4<111000>;
v0x7fa55010fb30_0 .net "clk", 0 0, v0x7fa55011fbc0_0;  1 drivers
v0x7fa55011fa00_0 .net "direction", 1 0, v0x7fa55011fc60_0;  1 drivers
v0x7fa55011fab0_0 .var "estado_salida", 5 0;
E_0x7fa55010cda0 .event posedge, v0x7fa55010fb30_0;
    .scope S_0x7fa55010f5e0;
T_0 ;
    %wait E_0x7fa55010cda0;
    %load/vec4 v0x7fa55011fab0_0;
    %dup/vec4;
    %pushi/vec4 0, 0, 6;
    %cmp/u;
    %jmp/1 T_0.0, 6;
    %dup/vec4;
    %pushi/vec4 4, 0, 6;
    %cmp/u;
    %jmp/1 T_0.1, 6;
    %dup/vec4;
    %pushi/vec4 6, 0, 6;
    %cmp/u;
    %jmp/1 T_0.2, 6;
    %dup/vec4;
    %pushi/vec4 7, 0, 6;
    %cmp/u;
    %jmp/1 T_0.3, 6;
    %dup/vec4;
    %pushi/vec4 8, 0, 6;
    %cmp/u;
    %jmp/1 T_0.4, 6;
    %dup/vec4;
    %pushi/vec4 24, 0, 6;
    %cmp/u;
    %jmp/1 T_0.5, 6;
    %dup/vec4;
    %pushi/vec4 56, 0, 6;
    %cmp/u;
    %jmp/1 T_0.6, 6;
    %pushi/vec4 0, 0, 6;
    %assign/vec4 v0x7fa55011fab0_0, 0;
    %jmp T_0.8;
T_0.0 ;
    %load/vec4 v0x7fa55011fa00_0;
    %cmpi/e 1, 0, 2;
    %jmp/0xz  T_0.9, 4;
    %pushi/vec4 4, 0, 6;
    %assign/vec4 v0x7fa55011fab0_0, 0;
    %jmp T_0.10;
T_0.9 ;
    %load/vec4 v0x7fa55011fa00_0;
    %cmpi/e 2, 0, 2;
    %jmp/0xz  T_0.11, 4;
    %pushi/vec4 8, 0, 6;
    %assign/vec4 v0x7fa55011fab0_0, 0;
    %jmp T_0.12;
T_0.11 ;
    %pushi/vec4 0, 0, 6;
    %assign/vec4 v0x7fa55011fab0_0, 0;
T_0.12 ;
T_0.10 ;
    %jmp T_0.8;
T_0.1 ;
    %pushi/vec4 6, 0, 6;
    %assign/vec4 v0x7fa55011fab0_0, 0;
    %jmp T_0.8;
T_0.2 ;
    %pushi/vec4 7, 0, 6;
    %assign/vec4 v0x7fa55011fab0_0, 0;
    %jmp T_0.8;
T_0.3 ;
    %pushi/vec4 0, 0, 6;
    %assign/vec4 v0x7fa55011fab0_0, 0;
    %jmp T_0.8;
T_0.4 ;
    %pushi/vec4 24, 0, 6;
    %assign/vec4 v0x7fa55011fab0_0, 0;
    %jmp T_0.8;
T_0.5 ;
    %pushi/vec4 56, 0, 6;
    %assign/vec4 v0x7fa55011fab0_0, 0;
    %jmp T_0.8;
T_0.6 ;
    %pushi/vec4 0, 0, 6;
    %assign/vec4 v0x7fa55011fab0_0, 0;
    %jmp T_0.8;
T_0.8 ;
    %pop/vec4 1;
    %jmp T_0;
    .thread T_0;
    .scope S_0x7fa55010f470;
T_1 ;
    %pushi/vec4 0, 0, 1;
    %store/vec4 v0x7fa55011fbc0_0, 0, 1;
T_1.0 ;
    %delay 1, 0;
    %load/vec4 v0x7fa55011fbc0_0;
    %inv;
    %store/vec4 v0x7fa55011fbc0_0, 0, 1;
    %jmp T_1.0;
    %end;
    .thread T_1;
    .scope S_0x7fa55010f470;
T_2 ;
    %pushi/vec4 1, 0, 2;
    %store/vec4 v0x7fa55011fc60_0, 0, 2;
    %delay 1, 0;
    %vpi_call 2 19 "$display", "direction=%b, e_salida=%b", v0x7fa55011fc60_0, v0x7fa55011fd10_0 {0 0 0};
    %delay 1, 0;
    %delay 1, 0;
    %vpi_call 2 24 "$display", "direction=%b, e_salida=%b", v0x7fa55011fc60_0, v0x7fa55011fd10_0 {0 0 0};
    %delay 1, 0;
    %pushi/vec4 0, 0, 2;
    %store/vec4 v0x7fa55011fc60_0, 0, 2;
    %delay 1, 0;
    %vpi_call 2 30 "$display", "direction=%b, e_salida=%b", v0x7fa55011fc60_0, v0x7fa55011fd10_0 {0 0 0};
    %delay 1, 0;
    %delay 1, 0;
    %vpi_call 2 34 "$display", "direction=%b, e_salida=%b", v0x7fa55011fc60_0, v0x7fa55011fd10_0 {0 0 0};
    %delay 1, 0;
    %delay 1, 0;
    %vpi_call 2 38 "$display", "direction=%b, e_salida=%b", v0x7fa55011fc60_0, v0x7fa55011fd10_0 {0 0 0};
    %delay 1, 0;
    %pushi/vec4 1, 0, 2;
    %store/vec4 v0x7fa55011fc60_0, 0, 2;
    %delay 1, 0;
    %vpi_call 2 44 "$display", "direction=%b, e_salida=%b", v0x7fa55011fc60_0, v0x7fa55011fd10_0 {0 0 0};
    %delay 1, 0;
    %delay 1, 0;
    %vpi_call 2 48 "$display", "direction=%b, e_salida=%b", v0x7fa55011fc60_0, v0x7fa55011fd10_0 {0 0 0};
    %delay 1, 0;
    %delay 1, 0;
    %vpi_call 2 52 "$display", "direction=%b, e_salida=%b", v0x7fa55011fc60_0, v0x7fa55011fd10_0 {0 0 0};
    %delay 1, 0;
    %delay 1, 0;
    %vpi_call 2 56 "$display", "direction=%b, e_salida=%b", v0x7fa55011fc60_0, v0x7fa55011fd10_0 {0 0 0};
    %delay 1, 0;
    %pushi/vec4 2, 0, 2;
    %store/vec4 v0x7fa55011fc60_0, 0, 2;
    %delay 1, 0;
    %vpi_call 2 62 "$display", "direction=%b, e_salida=%b", v0x7fa55011fc60_0, v0x7fa55011fd10_0 {0 0 0};
    %delay 1, 0;
    %delay 1, 0;
    %vpi_call 2 66 "$display", "direction=%b, e_salida=%b", v0x7fa55011fc60_0, v0x7fa55011fd10_0 {0 0 0};
    %delay 1, 0;
    %delay 1, 0;
    %vpi_call 2 70 "$display", "direction=%b, e_salida=%b", v0x7fa55011fc60_0, v0x7fa55011fd10_0 {0 0 0};
    %delay 1, 0;
    %delay 1, 0;
    %vpi_call 2 74 "$display", "direction=%b, e_salida=%b", v0x7fa55011fc60_0, v0x7fa55011fd10_0 {0 0 0};
    %delay 1, 0;
    %delay 1, 0;
    %vpi_call 2 78 "$display", "direction=%b, e_salida=%b", v0x7fa55011fc60_0, v0x7fa55011fd10_0 {0 0 0};
    %delay 1, 0;
    %delay 1, 0;
    %vpi_call 2 82 "$display", "direction=%b, e_salida=%b", v0x7fa55011fc60_0, v0x7fa55011fd10_0 {0 0 0};
    %delay 1, 0;
    %delay 1, 0;
    %vpi_call 2 86 "$display", "direction=%b, e_salida=%b", v0x7fa55011fc60_0, v0x7fa55011fd10_0 {0 0 0};
    %delay 1, 0;
    %vpi_call 2 89 "$finish" {0 0 0};
    %end;
    .thread T_2;
    .scope S_0x7fa55010f470;
T_3 ;
    %vpi_call 2 95 "$dumpfile", "m_e.vcd" {0 0 0};
    %vpi_call 2 96 "$dumpvars" {0 0 0};
    %end;
    .thread T_3;
# The file index is used to find the file name in the following table.
:file_names 4;
    "N/A";
    "<interactive>";
    "thunder_tb.v";
    "thunder.v";
