#! /c/Source/iverilog-install/bin/vvp
:ivl_version "12.0 (devel)" "(s20150603-1110-g18392a46)";
:ivl_delay_selection "TYPICAL";
:vpi_time_precision - 9;
:vpi_module "C:\iverilog\lib\ivl\system.vpi";
:vpi_module "C:\iverilog\lib\ivl\vhdl_sys.vpi";
:vpi_module "C:\iverilog\lib\ivl\vhdl_textio.vpi";
:vpi_module "C:\iverilog\lib\ivl\v2005_math.vpi";
:vpi_module "C:\iverilog\lib\ivl\va_math.vpi";
S_000001b12dccbda0 .scope module, "demux13_7_tb" "demux13_7_tb" 2 3;
 .timescale -9 -9;
v000001b12dbd07d0_0 .var "in_value", 12 0;
v000001b12dbd0870_0 .net "out0", 12 0, v000001b12dcc6cb0_0;  1 drivers
v000001b12dbd0910_0 .net "out1", 12 0, v000001b12dccdb60_0;  1 drivers
v000001b12dbd09b0_0 .net "out2", 12 0, v000001b12dccdc00_0;  1 drivers
v000001b12dbd1180_0 .net "out3", 12 0, v000001b12dccdca0_0;  1 drivers
v000001b12dbd14a0_0 .net "out4", 12 0, v000001b12dccdd40_0;  1 drivers
v000001b12dbd1220_0 .net "out5", 12 0, v000001b12dccdde0_0;  1 drivers
v000001b12dbd0be0_0 .net "out6", 12 0, v000001b12dbd0690_0;  1 drivers
v000001b12dbd12c0_0 .var "select", 2 0;
S_000001b12dccd9d0 .scope module, "demux_test" "demux13_7" 2 9, 3 1 0, S_000001b12dccbda0;
 .timescale 0 0;
    .port_info 0 /OUTPUT 13 "out0";
    .port_info 1 /OUTPUT 13 "out1";
    .port_info 2 /OUTPUT 13 "out2";
    .port_info 3 /OUTPUT 13 "out3";
    .port_info 4 /OUTPUT 13 "out4";
    .port_info 5 /OUTPUT 13 "out5";
    .port_info 6 /OUTPUT 13 "out6";
    .port_info 7 /INPUT 3 "select";
    .port_info 8 /INPUT 13 "in_value";
v000001b12dbc7d50_0 .net "in_value", 12 0, v000001b12dbd07d0_0;  1 drivers
v000001b12dcc6cb0_0 .var "out0", 12 0;
v000001b12dccdb60_0 .var "out1", 12 0;
v000001b12dccdc00_0 .var "out2", 12 0;
v000001b12dccdca0_0 .var "out3", 12 0;
v000001b12dccdd40_0 .var "out4", 12 0;
v000001b12dccdde0_0 .var "out5", 12 0;
v000001b12dbd0690_0 .var "out6", 12 0;
v000001b12dbd0730_0 .net "select", 2 0, v000001b12dbd12c0_0;  1 drivers
E_000001b12dbc5bb0 .event anyedge, v000001b12dbd0730_0, v000001b12dbc7d50_0;
    .scope S_000001b12dccd9d0;
T_0 ;
    %wait E_000001b12dbc5bb0;
    %pushi/vec4 0, 0, 13;
    %store/vec4 v000001b12dcc6cb0_0, 0, 13;
    %pushi/vec4 0, 0, 13;
    %store/vec4 v000001b12dccdb60_0, 0, 13;
    %pushi/vec4 0, 0, 13;
    %store/vec4 v000001b12dccdc00_0, 0, 13;
    %pushi/vec4 0, 0, 13;
    %store/vec4 v000001b12dccdca0_0, 0, 13;
    %pushi/vec4 0, 0, 13;
    %store/vec4 v000001b12dccdd40_0, 0, 13;
    %pushi/vec4 0, 0, 13;
    %store/vec4 v000001b12dccdde0_0, 0, 13;
    %pushi/vec4 0, 0, 13;
    %store/vec4 v000001b12dbd0690_0, 0, 13;
    %load/vec4 v000001b12dbd0730_0;
    %dup/vec4;
    %pushi/vec4 0, 0, 3;
    %cmp/u;
    %jmp/1 T_0.0, 6;
    %dup/vec4;
    %pushi/vec4 1, 0, 3;
    %cmp/u;
    %jmp/1 T_0.1, 6;
    %dup/vec4;
    %pushi/vec4 2, 0, 3;
    %cmp/u;
    %jmp/1 T_0.2, 6;
    %dup/vec4;
    %pushi/vec4 3, 0, 3;
    %cmp/u;
    %jmp/1 T_0.3, 6;
    %dup/vec4;
    %pushi/vec4 4, 0, 3;
    %cmp/u;
    %jmp/1 T_0.4, 6;
    %dup/vec4;
    %pushi/vec4 5, 0, 3;
    %cmp/u;
    %jmp/1 T_0.5, 6;
    %dup/vec4;
    %pushi/vec4 6, 0, 3;
    %cmp/u;
    %jmp/1 T_0.6, 6;
    %jmp T_0.7;
T_0.0 ;
    %load/vec4 v000001b12dbc7d50_0;
    %store/vec4 v000001b12dcc6cb0_0, 0, 13;
    %jmp T_0.7;
T_0.1 ;
    %load/vec4 v000001b12dbc7d50_0;
    %store/vec4 v000001b12dccdb60_0, 0, 13;
    %jmp T_0.7;
T_0.2 ;
    %load/vec4 v000001b12dbc7d50_0;
    %store/vec4 v000001b12dccdc00_0, 0, 13;
    %jmp T_0.7;
T_0.3 ;
    %load/vec4 v000001b12dbc7d50_0;
    %store/vec4 v000001b12dccdca0_0, 0, 13;
    %jmp T_0.7;
T_0.4 ;
    %load/vec4 v000001b12dbc7d50_0;
    %store/vec4 v000001b12dccdd40_0, 0, 13;
    %jmp T_0.7;
T_0.5 ;
    %load/vec4 v000001b12dbc7d50_0;
    %store/vec4 v000001b12dccdde0_0, 0, 13;
    %jmp T_0.7;
T_0.6 ;
    %load/vec4 v000001b12dbc7d50_0;
    %store/vec4 v000001b12dbd0690_0, 0, 13;
    %jmp T_0.7;
T_0.7 ;
    %pop/vec4 1;
    %jmp T_0;
    .thread T_0, $push;
    .scope S_000001b12dccbda0;
T_1 ;
    %pushi/vec4 3619, 0, 13;
    %store/vec4 v000001b12dbd07d0_0, 0, 13;
    %pushi/vec4 0, 0, 3;
    %store/vec4 v000001b12dbd12c0_0, 0, 3;
    %vpi_call 2 13 "$display", "input=%b, select=%b, out=%b", v000001b12dbd07d0_0, v000001b12dbd12c0_0, v000001b12dbd0870_0 {0 0 0};
    %delay 1, 0;
    %pushi/vec4 547, 0, 13;
    %store/vec4 v000001b12dbd07d0_0, 0, 13;
    %pushi/vec4 1, 0, 3;
    %store/vec4 v000001b12dbd12c0_0, 0, 3;
    %vpi_call 2 16 "$display", "input=%b, select=%b, out=%b", v000001b12dbd07d0_0, v000001b12dbd12c0_0, v000001b12dbd0910_0 {0 0 0};
    %delay 1, 0;
    %pushi/vec4 546, 0, 13;
    %store/vec4 v000001b12dbd07d0_0, 0, 13;
    %pushi/vec4 2, 0, 3;
    %store/vec4 v000001b12dbd12c0_0, 0, 3;
    %vpi_call 2 19 "$display", "input=%b, select=%b, out=%b", v000001b12dbd07d0_0, v000001b12dbd12c0_0, v000001b12dbd09b0_0 {0 0 0};
    %delay 1, 0;
    %pushi/vec4 1, 0, 13;
    %store/vec4 v000001b12dbd07d0_0, 0, 13;
    %pushi/vec4 3, 0, 3;
    %store/vec4 v000001b12dbd12c0_0, 0, 3;
    %vpi_call 2 22 "$display", "input=%b, select=%b, out=%b", v000001b12dbd07d0_0, v000001b12dbd12c0_0, v000001b12dbd1180_0 {0 0 0};
    %delay 1, 0;
    %pushi/vec4 4097, 0, 13;
    %store/vec4 v000001b12dbd07d0_0, 0, 13;
    %pushi/vec4 4, 0, 3;
    %store/vec4 v000001b12dbd12c0_0, 0, 3;
    %vpi_call 2 25 "$display", "input=%b, select=%b, out=%b", v000001b12dbd07d0_0, v000001b12dbd12c0_0, v000001b12dbd14a0_0 {0 0 0};
    %delay 1, 0;
    %pushi/vec4 995, 0, 13;
    %store/vec4 v000001b12dbd07d0_0, 0, 13;
    %pushi/vec4 5, 0, 3;
    %store/vec4 v000001b12dbd12c0_0, 0, 3;
    %vpi_call 2 28 "$display", "input=%b, select=%b, out=%b", v000001b12dbd07d0_0, v000001b12dbd12c0_0, v000001b12dbd1220_0 {0 0 0};
    %delay 1, 0;
    %pushi/vec4 575, 0, 13;
    %store/vec4 v000001b12dbd07d0_0, 0, 13;
    %pushi/vec4 6, 0, 3;
    %store/vec4 v000001b12dbd12c0_0, 0, 3;
    %vpi_call 2 31 "$display", "input=%b, select=%b, out=%b", v000001b12dbd07d0_0, v000001b12dbd12c0_0, v000001b12dbd0be0_0 {0 0 0};
    %delay 1, 0;
    %vpi_call 2 33 "$finish" {0 0 0};
    %end;
    .thread T_1;
    .scope S_000001b12dccbda0;
T_2 ;
    %vpi_call 2 37 "$dumpfile", "demux13_8.vcd" {0 0 0};
    %vpi_call 2 38 "$dumpvars" {0 0 0};
    %end;
    .thread T_2;
# The file index is used to find the file name in the following table.
:file_names 4;
    "N/A";
    "<interactive>";
    ".\demux13_7_tb.v";
    ".\demux13_7.v";
