#! /usr/local/Cellar/icarus-verilog/11.0/bin/vvp
:ivl_version "11.0 (stable)";
:ivl_delay_selection "TYPICAL";
:vpi_time_precision - 12;
:vpi_module "/usr/local/Cellar/icarus-verilog/11.0/lib/ivl/system.vpi";
:vpi_module "/usr/local/Cellar/icarus-verilog/11.0/lib/ivl/vhdl_sys.vpi";
:vpi_module "/usr/local/Cellar/icarus-verilog/11.0/lib/ivl/vhdl_textio.vpi";
:vpi_module "/usr/local/Cellar/icarus-verilog/11.0/lib/ivl/v2005_math.vpi";
:vpi_module "/usr/local/Cellar/icarus-verilog/11.0/lib/ivl/va_math.vpi";
S_0x7f9cdf304080 .scope module, "rs_latch_behavioral_tb" "rs_latch_behavioral_tb" 2 2;
 .timescale -9 -12;
v0x600003fe42d0_0 .var "clk", 0 0;
v0x600003fe4360_0 .net "q", 0 0, v0x600003fe4090_0;  1 drivers
v0x600003fe43f0_0 .net "qn", 0 0, v0x600003fe4120_0;  1 drivers
v0x600003fe4480_0 .var "r", 0 0;
v0x600003fe4510_0 .var "s", 0 0;
S_0x7f9cdf3041f0 .scope module, "rs_test" "rs_latch_behavioral" 2 6, 3 2 0, S_0x7f9cdf304080;
 .timescale 0 0;
    .port_info 0 /INPUT 1 "r";
    .port_info 1 /INPUT 1 "s";
    .port_info 2 /OUTPUT 1 "q";
    .port_info 3 /OUTPUT 1 "qn";
    .port_info 4 /INPUT 1 "clk";
v0x600003fe4000_0 .net "clk", 0 0, v0x600003fe42d0_0;  1 drivers
v0x600003fe4090_0 .var "q", 0 0;
v0x600003fe4120_0 .var "qn", 0 0;
v0x600003fe41b0_0 .net "r", 0 0, v0x600003fe4480_0;  1 drivers
v0x600003fe4240_0 .net "s", 0 0, v0x600003fe4510_0;  1 drivers
E_0x6000003e8030 .event posedge, v0x600003fe4000_0;
    .scope S_0x7f9cdf3041f0;
T_0 ;
    %wait E_0x6000003e8030;
    %load/vec4 v0x600003fe41b0_0;
    %pad/u 32;
    %pushi/vec4 0, 0, 32;
    %cmp/e;
    %flag_get/vec4 4;
    %load/vec4 v0x600003fe4240_0;
    %pad/u 32;
    %pushi/vec4 0, 0, 32;
    %cmp/e;
    %flag_get/vec4 4;
    %and;
    %flag_set/vec4 8;
    %jmp/0xz  T_0.0, 8;
    %load/vec4 v0x600003fe4090_0;
    %assign/vec4 v0x600003fe4090_0, 0;
    %load/vec4 v0x600003fe4120_0;
    %assign/vec4 v0x600003fe4120_0, 0;
    %jmp T_0.1;
T_0.0 ;
    %load/vec4 v0x600003fe41b0_0;
    %pad/u 32;
    %pushi/vec4 0, 0, 32;
    %cmp/e;
    %flag_get/vec4 4;
    %load/vec4 v0x600003fe4240_0;
    %pad/u 32;
    %pushi/vec4 1, 0, 32;
    %cmp/e;
    %flag_get/vec4 4;
    %and;
    %flag_set/vec4 8;
    %jmp/0xz  T_0.2, 8;
    %pushi/vec4 1, 0, 1;
    %assign/vec4 v0x600003fe4090_0, 0;
    %pushi/vec4 0, 0, 1;
    %assign/vec4 v0x600003fe4120_0, 0;
    %jmp T_0.3;
T_0.2 ;
    %load/vec4 v0x600003fe41b0_0;
    %pad/u 32;
    %pushi/vec4 1, 0, 32;
    %cmp/e;
    %flag_get/vec4 4;
    %load/vec4 v0x600003fe4240_0;
    %pad/u 32;
    %pushi/vec4 0, 0, 32;
    %cmp/e;
    %flag_get/vec4 4;
    %and;
    %flag_set/vec4 8;
    %jmp/0xz  T_0.4, 8;
    %pushi/vec4 0, 0, 1;
    %assign/vec4 v0x600003fe4090_0, 0;
    %pushi/vec4 1, 0, 1;
    %assign/vec4 v0x600003fe4120_0, 0;
    %jmp T_0.5;
T_0.4 ;
    %load/vec4 v0x600003fe41b0_0;
    %pad/u 32;
    %pushi/vec4 1, 0, 32;
    %cmp/e;
    %flag_get/vec4 4;
    %load/vec4 v0x600003fe4240_0;
    %pad/u 32;
    %pushi/vec4 1, 0, 32;
    %cmp/e;
    %flag_get/vec4 4;
    %and;
    %flag_set/vec4 8;
    %jmp/0xz  T_0.6, 8;
    %pushi/vec4 0, 1, 1;
    %assign/vec4 v0x600003fe4090_0, 0;
    %pushi/vec4 0, 1, 1;
    %assign/vec4 v0x600003fe4120_0, 0;
T_0.6 ;
T_0.5 ;
T_0.3 ;
T_0.1 ;
    %jmp T_0;
    .thread T_0;
    .scope S_0x7f9cdf304080;
T_1 ;
    %pushi/vec4 0, 0, 1;
    %store/vec4 v0x600003fe42d0_0, 0, 1;
T_1.0 ;
    %delay 1000, 0;
    %load/vec4 v0x600003fe42d0_0;
    %inv;
    %store/vec4 v0x600003fe42d0_0, 0, 1;
    %jmp T_1.0;
    %end;
    .thread T_1;
    .scope S_0x7f9cdf304080;
T_2 ;
    %pushi/vec4 1, 0, 1;
    %store/vec4 v0x600003fe4480_0, 0, 1;
    %pushi/vec4 1, 0, 1;
    %store/vec4 v0x600003fe4510_0, 0, 1;
    %delay 1000, 0;
    %vpi_call 2 16 "$display", "r=%b, s=%b, q=%b, qn=%b", v0x600003fe4480_0, v0x600003fe4510_0, v0x600003fe4360_0, v0x600003fe43f0_0 {0 0 0};
    %delay 1000, 0;
    %pushi/vec4 0, 0, 1;
    %store/vec4 v0x600003fe4480_0, 0, 1;
    %pushi/vec4 1, 0, 1;
    %store/vec4 v0x600003fe4510_0, 0, 1;
    %delay 1000, 0;
    %vpi_call 2 20 "$display", "r=%b, s=%b, q=%b, qn=%b", v0x600003fe4480_0, v0x600003fe4510_0, v0x600003fe4360_0, v0x600003fe43f0_0 {0 0 0};
    %delay 1000, 0;
    %pushi/vec4 1, 0, 1;
    %store/vec4 v0x600003fe4480_0, 0, 1;
    %pushi/vec4 1, 0, 1;
    %store/vec4 v0x600003fe4510_0, 0, 1;
    %delay 1000, 0;
    %vpi_call 2 24 "$display", "r=%b, s=%b, q=%b, qn=%b", v0x600003fe4480_0, v0x600003fe4510_0, v0x600003fe4360_0, v0x600003fe43f0_0 {0 0 0};
    %delay 1000, 0;
    %pushi/vec4 1, 0, 1;
    %store/vec4 v0x600003fe4480_0, 0, 1;
    %pushi/vec4 0, 0, 1;
    %store/vec4 v0x600003fe4510_0, 0, 1;
    %delay 1000, 0;
    %vpi_call 2 28 "$display", "r=%b, s=%b, q=%b, qn=%b", v0x600003fe4480_0, v0x600003fe4510_0, v0x600003fe4360_0, v0x600003fe43f0_0 {0 0 0};
    %delay 1000, 0;
    %pushi/vec4 0, 0, 1;
    %store/vec4 v0x600003fe4480_0, 0, 1;
    %pushi/vec4 0, 0, 1;
    %store/vec4 v0x600003fe4510_0, 0, 1;
    %delay 1000, 0;
    %vpi_call 2 32 "$display", "r=%b, s=%b, q=%b, qn=%b", v0x600003fe4480_0, v0x600003fe4510_0, v0x600003fe4360_0, v0x600003fe43f0_0 {0 0 0};
    %delay 1000, 0;
    %vpi_call 2 34 "$finish" {0 0 0};
    %end;
    .thread T_2;
    .scope S_0x7f9cdf304080;
T_3 ;
    %vpi_call 2 38 "$dumpfile", "rs_latch_behavioral.vcd" {0 0 0};
    %vpi_call 2 39 "$dumpvars" {0 0 0};
    %end;
    .thread T_3;
# The file index is used to find the file name in the following table.
:file_names 4;
    "N/A";
    "<interactive>";
    "rs_latch_tb.v";
    "rs_latch.v";
