#! /usr/local/Cellar/icarus-verilog/11.0/bin/vvp
:ivl_version "11.0 (stable)";
:ivl_delay_selection "TYPICAL";
:vpi_time_precision - 9;
:vpi_module "/usr/local/Cellar/icarus-verilog/11.0/lib/ivl/system.vpi";
:vpi_module "/usr/local/Cellar/icarus-verilog/11.0/lib/ivl/vhdl_sys.vpi";
:vpi_module "/usr/local/Cellar/icarus-verilog/11.0/lib/ivl/vhdl_textio.vpi";
:vpi_module "/usr/local/Cellar/icarus-verilog/11.0/lib/ivl/v2005_math.vpi";
:vpi_module "/usr/local/Cellar/icarus-verilog/11.0/lib/ivl/va_math.vpi";
S_0x7fab4e0069f0 .scope module, "gated_D_latch_tb" "gated_D_latch_tb" 2 3;
 .timescale -9 -9;
v0x7fab4e020500_0 .var "D", 0 0;
v0x7fab4e0205a0_0 .net "Q", 0 0, v0x7fab4e0202b0_0;  1 drivers
v0x7fab4e020650_0 .net "Qn", 0 0, v0x7fab4e020350_0;  1 drivers
v0x7fab4e020720_0 .var "WE", 0 0;
S_0x7fab4e006b60 .scope module, "test" "gated_D_latch" 2 9, 3 1 0, S_0x7fab4e0069f0;
 .timescale 0 0;
    .port_info 0 /INPUT 1 "WE";
    .port_info 1 /INPUT 1 "D";
    .port_info 2 /OUTPUT 1 "Q";
    .port_info 3 /OUTPUT 1 "Qn";
v0x7fab4e0103e0_0 .net "D", 0 0, v0x7fab4e020500_0;  1 drivers
v0x7fab4e0202b0_0 .var "Q", 0 0;
v0x7fab4e020350_0 .var "Qn", 0 0;
v0x7fab4e020400_0 .net "WE", 0 0, v0x7fab4e020720_0;  1 drivers
E_0x7fab4e007540 .event edge, v0x7fab4e020400_0, v0x7fab4e0103e0_0;
    .scope S_0x7fab4e006b60;
T_0 ;
    %wait E_0x7fab4e007540;
    %load/vec4 v0x7fab4e020400_0;
    %pad/u 32;
    %cmpi/e 1, 0, 32;
    %jmp/0xz  T_0.0, 4;
    %load/vec4 v0x7fab4e0103e0_0;
    %assign/vec4 v0x7fab4e0202b0_0, 0;
    %load/vec4 v0x7fab4e0103e0_0;
    %inv;
    %assign/vec4 v0x7fab4e020350_0, 0;
T_0.0 ;
    %jmp T_0;
    .thread T_0, $push;
    .scope S_0x7fab4e0069f0;
T_1 ;
    %pushi/vec4 1, 0, 1;
    %store/vec4 v0x7fab4e020720_0, 0, 1;
    %pushi/vec4 1, 0, 1;
    %store/vec4 v0x7fab4e020500_0, 0, 1;
    %delay 1, 0;
    %vpi_call 2 14 "$display", "WE=%b, D=%b, Q=%b, QN=%b", v0x7fab4e020720_0, v0x7fab4e020500_0, v0x7fab4e0205a0_0, v0x7fab4e020650_0 {0 0 0};
    %delay 1, 0;
    %pushi/vec4 1, 0, 1;
    %store/vec4 v0x7fab4e020720_0, 0, 1;
    %pushi/vec4 0, 0, 1;
    %store/vec4 v0x7fab4e020500_0, 0, 1;
    %delay 1, 0;
    %vpi_call 2 18 "$display", "WE=%b, D=%b, Q=%b, QN=%b", v0x7fab4e020720_0, v0x7fab4e020500_0, v0x7fab4e0205a0_0, v0x7fab4e020650_0 {0 0 0};
    %delay 1, 0;
    %pushi/vec4 0, 0, 1;
    %store/vec4 v0x7fab4e020720_0, 0, 1;
    %pushi/vec4 1, 0, 1;
    %store/vec4 v0x7fab4e020500_0, 0, 1;
    %delay 1, 0;
    %vpi_call 2 22 "$display", "WE=%b, D=%b, Q=%b, QN=%b", v0x7fab4e020720_0, v0x7fab4e020500_0, v0x7fab4e0205a0_0, v0x7fab4e020650_0 {0 0 0};
    %delay 1, 0;
    %pushi/vec4 0, 0, 1;
    %store/vec4 v0x7fab4e020720_0, 0, 1;
    %pushi/vec4 0, 0, 1;
    %store/vec4 v0x7fab4e020500_0, 0, 1;
    %delay 1, 0;
    %vpi_call 2 26 "$display", "WE=%b, D=%b, Q=%b, QN=%b", v0x7fab4e020720_0, v0x7fab4e020500_0, v0x7fab4e0205a0_0, v0x7fab4e020650_0 {0 0 0};
    %delay 1, 0;
    %pushi/vec4 1, 0, 1;
    %store/vec4 v0x7fab4e020720_0, 0, 1;
    %pushi/vec4 1, 0, 1;
    %store/vec4 v0x7fab4e020500_0, 0, 1;
    %delay 1, 0;
    %vpi_call 2 30 "$display", "WE=%b, D=%b, Q=%b, QN=%b", v0x7fab4e020720_0, v0x7fab4e020500_0, v0x7fab4e0205a0_0, v0x7fab4e020650_0 {0 0 0};
    %delay 1, 0;
    %pushi/vec4 0, 0, 1;
    %store/vec4 v0x7fab4e020720_0, 0, 1;
    %pushi/vec4 0, 0, 1;
    %store/vec4 v0x7fab4e020500_0, 0, 1;
    %delay 1, 0;
    %vpi_call 2 34 "$display", "WE=%b, D=%b, Q=%b, QN=%b", v0x7fab4e020720_0, v0x7fab4e020500_0, v0x7fab4e0205a0_0, v0x7fab4e020650_0 {0 0 0};
    %delay 1, 0;
    %pushi/vec4 0, 0, 1;
    %store/vec4 v0x7fab4e020720_0, 0, 1;
    %pushi/vec4 1, 0, 1;
    %store/vec4 v0x7fab4e020500_0, 0, 1;
    %delay 1, 0;
    %vpi_call 2 38 "$display", "WE=%b, D=%b, Q=%b, QN=%b", v0x7fab4e020720_0, v0x7fab4e020500_0, v0x7fab4e0205a0_0, v0x7fab4e020650_0 {0 0 0};
    %delay 1, 0;
    %pushi/vec4 0, 0, 1;
    %store/vec4 v0x7fab4e020720_0, 0, 1;
    %pushi/vec4 0, 0, 1;
    %store/vec4 v0x7fab4e020500_0, 0, 1;
    %delay 1, 0;
    %vpi_call 2 42 "$finish" {0 0 0};
    %end;
    .thread T_1;
    .scope S_0x7fab4e0069f0;
T_2 ;
    %vpi_call 2 47 "$dumpfile", "gated_D_latch.vcd" {0 0 0};
    %vpi_call 2 48 "$dumpvars" {0 0 0};
    %end;
    .thread T_2;
# The file index is used to find the file name in the following table.
:file_names 4;
    "N/A";
    "<interactive>";
    "gated_D_latch_tb.v";
    "gated_D_latch.v";
