#! /usr/local/Cellar/icarus-verilog/11.0/bin/vvp
:ivl_version "11.0 (stable)";
:ivl_delay_selection "TYPICAL";
:vpi_time_precision - 12;
:vpi_module "/usr/local/Cellar/icarus-verilog/11.0/lib/ivl/system.vpi";
:vpi_module "/usr/local/Cellar/icarus-verilog/11.0/lib/ivl/vhdl_sys.vpi";
:vpi_module "/usr/local/Cellar/icarus-verilog/11.0/lib/ivl/vhdl_textio.vpi";
:vpi_module "/usr/local/Cellar/icarus-verilog/11.0/lib/ivl/v2005_math.vpi";
:vpi_module "/usr/local/Cellar/icarus-verilog/11.0/lib/ivl/va_math.vpi";
S_0x7f872e010b10 .scope module, "demux13_7_tb" "demux13_7_tb" 2 3;
 .timescale -12 -12;
P_0x7f872e0114e0 .param/l "timelapse" 1 2 12, +C4<00000000000000000000000000000010>;
v0x7f872e02f760_0 .var "in", 12 0;
v0x7f872e02f810_0 .net "out", 90 0, v0x7f872e02f590_0;  1 drivers
v0x7f872e02f8e0_0 .var "s", 2 0;
S_0x7f872e007120 .scope module, "test1" "demux13_7" 2 14, 3 1 0, S_0x7f872e010b10;
 .timescale 0 0;
    .port_info 0 /INPUT 13 "in";
    .port_info 1 /INPUT 3 "sel";
    .port_info 2 /OUTPUT 91 "out";
v0x7f872e007290_0 .net "in", 12 0, v0x7f872e02f760_0;  1 drivers
v0x7f872e02f590_0 .var "out", 90 0;
v0x7f872e02f650_0 .net "sel", 2 0, v0x7f872e02f8e0_0;  1 drivers
E_0x7f872e0116f0 .event edge, v0x7f872e02f650_0, v0x7f872e007290_0;
    .scope S_0x7f872e007120;
T_0 ;
    %wait E_0x7f872e0116f0;
    %load/vec4 v0x7f872e02f650_0;
    %cmpi/e 0, 0, 3;
    %jmp/0xz  T_0.0, 4;
    %load/vec4 v0x7f872e007290_0;
    %parti/s 1, 0, 2;
    %load/vec4 v0x7f872e007290_0;
    %parti/s 1, 1, 2;
    %concat/vec4; draw_concat_vec4
    %load/vec4 v0x7f872e007290_0;
    %parti/s 1, 2, 3;
    %concat/vec4; draw_concat_vec4
    %load/vec4 v0x7f872e007290_0;
    %parti/s 1, 3, 3;
    %concat/vec4; draw_concat_vec4
    %load/vec4 v0x7f872e007290_0;
    %parti/s 1, 4, 4;
    %concat/vec4; draw_concat_vec4
    %load/vec4 v0x7f872e007290_0;
    %parti/s 1, 5, 4;
    %concat/vec4; draw_concat_vec4
    %load/vec4 v0x7f872e007290_0;
    %parti/s 1, 6, 4;
    %concat/vec4; draw_concat_vec4
    %load/vec4 v0x7f872e007290_0;
    %parti/s 1, 7, 4;
    %concat/vec4; draw_concat_vec4
    %load/vec4 v0x7f872e007290_0;
    %parti/s 1, 8, 5;
    %concat/vec4; draw_concat_vec4
    %load/vec4 v0x7f872e007290_0;
    %parti/s 1, 9, 5;
    %concat/vec4; draw_concat_vec4
    %load/vec4 v0x7f872e007290_0;
    %parti/s 1, 10, 5;
    %concat/vec4; draw_concat_vec4
    %load/vec4 v0x7f872e007290_0;
    %parti/s 1, 11, 5;
    %concat/vec4; draw_concat_vec4
    %load/vec4 v0x7f872e007290_0;
    %parti/s 1, 12, 5;
    %concat/vec4; draw_concat_vec4
    %ix/load 4, 0, 0;
    %flag_set/imm 4, 0;
    %store/vec4 v0x7f872e02f590_0, 4, 13;
    %jmp T_0.1;
T_0.0 ;
    %load/vec4 v0x7f872e02f650_0;
    %cmpi/e 1, 0, 3;
    %jmp/0xz  T_0.2, 4;
    %load/vec4 v0x7f872e007290_0;
    %parti/s 1, 0, 2;
    %load/vec4 v0x7f872e007290_0;
    %parti/s 1, 1, 2;
    %concat/vec4; draw_concat_vec4
    %load/vec4 v0x7f872e007290_0;
    %parti/s 1, 2, 3;
    %concat/vec4; draw_concat_vec4
    %load/vec4 v0x7f872e007290_0;
    %parti/s 1, 3, 3;
    %concat/vec4; draw_concat_vec4
    %load/vec4 v0x7f872e007290_0;
    %parti/s 1, 4, 4;
    %concat/vec4; draw_concat_vec4
    %load/vec4 v0x7f872e007290_0;
    %parti/s 1, 5, 4;
    %concat/vec4; draw_concat_vec4
    %load/vec4 v0x7f872e007290_0;
    %parti/s 1, 6, 4;
    %concat/vec4; draw_concat_vec4
    %load/vec4 v0x7f872e007290_0;
    %parti/s 1, 7, 4;
    %concat/vec4; draw_concat_vec4
    %load/vec4 v0x7f872e007290_0;
    %parti/s 1, 8, 5;
    %concat/vec4; draw_concat_vec4
    %load/vec4 v0x7f872e007290_0;
    %parti/s 1, 9, 5;
    %concat/vec4; draw_concat_vec4
    %load/vec4 v0x7f872e007290_0;
    %parti/s 1, 10, 5;
    %concat/vec4; draw_concat_vec4
    %load/vec4 v0x7f872e007290_0;
    %parti/s 1, 11, 5;
    %concat/vec4; draw_concat_vec4
    %load/vec4 v0x7f872e007290_0;
    %parti/s 1, 12, 5;
    %concat/vec4; draw_concat_vec4
    %ix/load 4, 13, 0;
    %flag_set/imm 4, 0;
    %store/vec4 v0x7f872e02f590_0, 4, 13;
    %jmp T_0.3;
T_0.2 ;
    %load/vec4 v0x7f872e02f650_0;
    %cmpi/e 2, 0, 3;
    %jmp/0xz  T_0.4, 4;
    %load/vec4 v0x7f872e007290_0;
    %parti/s 1, 0, 2;
    %load/vec4 v0x7f872e007290_0;
    %parti/s 1, 1, 2;
    %concat/vec4; draw_concat_vec4
    %load/vec4 v0x7f872e007290_0;
    %parti/s 1, 2, 3;
    %concat/vec4; draw_concat_vec4
    %load/vec4 v0x7f872e007290_0;
    %parti/s 1, 3, 3;
    %concat/vec4; draw_concat_vec4
    %load/vec4 v0x7f872e007290_0;
    %parti/s 1, 4, 4;
    %concat/vec4; draw_concat_vec4
    %load/vec4 v0x7f872e007290_0;
    %parti/s 1, 5, 4;
    %concat/vec4; draw_concat_vec4
    %load/vec4 v0x7f872e007290_0;
    %parti/s 1, 6, 4;
    %concat/vec4; draw_concat_vec4
    %load/vec4 v0x7f872e007290_0;
    %parti/s 1, 7, 4;
    %concat/vec4; draw_concat_vec4
    %load/vec4 v0x7f872e007290_0;
    %parti/s 1, 8, 5;
    %concat/vec4; draw_concat_vec4
    %load/vec4 v0x7f872e007290_0;
    %parti/s 1, 9, 5;
    %concat/vec4; draw_concat_vec4
    %load/vec4 v0x7f872e007290_0;
    %parti/s 1, 10, 5;
    %concat/vec4; draw_concat_vec4
    %load/vec4 v0x7f872e007290_0;
    %parti/s 1, 11, 5;
    %concat/vec4; draw_concat_vec4
    %load/vec4 v0x7f872e007290_0;
    %parti/s 1, 12, 5;
    %concat/vec4; draw_concat_vec4
    %ix/load 4, 26, 0;
    %flag_set/imm 4, 0;
    %store/vec4 v0x7f872e02f590_0, 4, 13;
    %jmp T_0.5;
T_0.4 ;
    %load/vec4 v0x7f872e02f650_0;
    %cmpi/e 3, 0, 3;
    %jmp/0xz  T_0.6, 4;
    %load/vec4 v0x7f872e007290_0;
    %parti/s 1, 0, 2;
    %load/vec4 v0x7f872e007290_0;
    %parti/s 1, 1, 2;
    %concat/vec4; draw_concat_vec4
    %load/vec4 v0x7f872e007290_0;
    %parti/s 1, 2, 3;
    %concat/vec4; draw_concat_vec4
    %load/vec4 v0x7f872e007290_0;
    %parti/s 1, 3, 3;
    %concat/vec4; draw_concat_vec4
    %load/vec4 v0x7f872e007290_0;
    %parti/s 1, 4, 4;
    %concat/vec4; draw_concat_vec4
    %load/vec4 v0x7f872e007290_0;
    %parti/s 1, 5, 4;
    %concat/vec4; draw_concat_vec4
    %load/vec4 v0x7f872e007290_0;
    %parti/s 1, 6, 4;
    %concat/vec4; draw_concat_vec4
    %load/vec4 v0x7f872e007290_0;
    %parti/s 1, 7, 4;
    %concat/vec4; draw_concat_vec4
    %load/vec4 v0x7f872e007290_0;
    %parti/s 1, 8, 5;
    %concat/vec4; draw_concat_vec4
    %load/vec4 v0x7f872e007290_0;
    %parti/s 1, 9, 5;
    %concat/vec4; draw_concat_vec4
    %load/vec4 v0x7f872e007290_0;
    %parti/s 1, 10, 5;
    %concat/vec4; draw_concat_vec4
    %load/vec4 v0x7f872e007290_0;
    %parti/s 1, 11, 5;
    %concat/vec4; draw_concat_vec4
    %load/vec4 v0x7f872e007290_0;
    %parti/s 1, 12, 5;
    %concat/vec4; draw_concat_vec4
    %ix/load 4, 39, 0;
    %flag_set/imm 4, 0;
    %store/vec4 v0x7f872e02f590_0, 4, 13;
    %jmp T_0.7;
T_0.6 ;
    %load/vec4 v0x7f872e02f650_0;
    %cmpi/e 4, 0, 3;
    %jmp/0xz  T_0.8, 4;
    %load/vec4 v0x7f872e007290_0;
    %parti/s 1, 0, 2;
    %load/vec4 v0x7f872e007290_0;
    %parti/s 1, 1, 2;
    %concat/vec4; draw_concat_vec4
    %load/vec4 v0x7f872e007290_0;
    %parti/s 1, 2, 3;
    %concat/vec4; draw_concat_vec4
    %load/vec4 v0x7f872e007290_0;
    %parti/s 1, 3, 3;
    %concat/vec4; draw_concat_vec4
    %load/vec4 v0x7f872e007290_0;
    %parti/s 1, 4, 4;
    %concat/vec4; draw_concat_vec4
    %load/vec4 v0x7f872e007290_0;
    %parti/s 1, 5, 4;
    %concat/vec4; draw_concat_vec4
    %load/vec4 v0x7f872e007290_0;
    %parti/s 1, 6, 4;
    %concat/vec4; draw_concat_vec4
    %load/vec4 v0x7f872e007290_0;
    %parti/s 1, 7, 4;
    %concat/vec4; draw_concat_vec4
    %load/vec4 v0x7f872e007290_0;
    %parti/s 1, 8, 5;
    %concat/vec4; draw_concat_vec4
    %load/vec4 v0x7f872e007290_0;
    %parti/s 1, 9, 5;
    %concat/vec4; draw_concat_vec4
    %load/vec4 v0x7f872e007290_0;
    %parti/s 1, 10, 5;
    %concat/vec4; draw_concat_vec4
    %load/vec4 v0x7f872e007290_0;
    %parti/s 1, 11, 5;
    %concat/vec4; draw_concat_vec4
    %load/vec4 v0x7f872e007290_0;
    %parti/s 1, 12, 5;
    %concat/vec4; draw_concat_vec4
    %ix/load 4, 52, 0;
    %flag_set/imm 4, 0;
    %store/vec4 v0x7f872e02f590_0, 4, 13;
    %jmp T_0.9;
T_0.8 ;
    %load/vec4 v0x7f872e02f650_0;
    %cmpi/e 5, 0, 3;
    %jmp/0xz  T_0.10, 4;
    %load/vec4 v0x7f872e007290_0;
    %parti/s 1, 0, 2;
    %load/vec4 v0x7f872e007290_0;
    %parti/s 1, 1, 2;
    %concat/vec4; draw_concat_vec4
    %load/vec4 v0x7f872e007290_0;
    %parti/s 1, 2, 3;
    %concat/vec4; draw_concat_vec4
    %load/vec4 v0x7f872e007290_0;
    %parti/s 1, 3, 3;
    %concat/vec4; draw_concat_vec4
    %load/vec4 v0x7f872e007290_0;
    %parti/s 1, 4, 4;
    %concat/vec4; draw_concat_vec4
    %load/vec4 v0x7f872e007290_0;
    %parti/s 1, 5, 4;
    %concat/vec4; draw_concat_vec4
    %load/vec4 v0x7f872e007290_0;
    %parti/s 1, 6, 4;
    %concat/vec4; draw_concat_vec4
    %load/vec4 v0x7f872e007290_0;
    %parti/s 1, 7, 4;
    %concat/vec4; draw_concat_vec4
    %load/vec4 v0x7f872e007290_0;
    %parti/s 1, 8, 5;
    %concat/vec4; draw_concat_vec4
    %load/vec4 v0x7f872e007290_0;
    %parti/s 1, 9, 5;
    %concat/vec4; draw_concat_vec4
    %load/vec4 v0x7f872e007290_0;
    %parti/s 1, 10, 5;
    %concat/vec4; draw_concat_vec4
    %load/vec4 v0x7f872e007290_0;
    %parti/s 1, 11, 5;
    %concat/vec4; draw_concat_vec4
    %load/vec4 v0x7f872e007290_0;
    %parti/s 1, 12, 5;
    %concat/vec4; draw_concat_vec4
    %ix/load 4, 65, 0;
    %flag_set/imm 4, 0;
    %store/vec4 v0x7f872e02f590_0, 4, 13;
    %jmp T_0.11;
T_0.10 ;
    %load/vec4 v0x7f872e02f650_0;
    %cmpi/e 6, 0, 3;
    %jmp/0xz  T_0.12, 4;
    %load/vec4 v0x7f872e007290_0;
    %parti/s 1, 0, 2;
    %load/vec4 v0x7f872e007290_0;
    %parti/s 1, 1, 2;
    %concat/vec4; draw_concat_vec4
    %load/vec4 v0x7f872e007290_0;
    %parti/s 1, 2, 3;
    %concat/vec4; draw_concat_vec4
    %load/vec4 v0x7f872e007290_0;
    %parti/s 1, 3, 3;
    %concat/vec4; draw_concat_vec4
    %load/vec4 v0x7f872e007290_0;
    %parti/s 1, 4, 4;
    %concat/vec4; draw_concat_vec4
    %load/vec4 v0x7f872e007290_0;
    %parti/s 1, 5, 4;
    %concat/vec4; draw_concat_vec4
    %load/vec4 v0x7f872e007290_0;
    %parti/s 1, 6, 4;
    %concat/vec4; draw_concat_vec4
    %load/vec4 v0x7f872e007290_0;
    %parti/s 1, 7, 4;
    %concat/vec4; draw_concat_vec4
    %load/vec4 v0x7f872e007290_0;
    %parti/s 1, 8, 5;
    %concat/vec4; draw_concat_vec4
    %load/vec4 v0x7f872e007290_0;
    %parti/s 1, 9, 5;
    %concat/vec4; draw_concat_vec4
    %load/vec4 v0x7f872e007290_0;
    %parti/s 1, 10, 5;
    %concat/vec4; draw_concat_vec4
    %load/vec4 v0x7f872e007290_0;
    %parti/s 1, 11, 5;
    %concat/vec4; draw_concat_vec4
    %load/vec4 v0x7f872e007290_0;
    %parti/s 1, 12, 5;
    %concat/vec4; draw_concat_vec4
    %ix/load 4, 78, 0;
    %flag_set/imm 4, 0;
    %store/vec4 v0x7f872e02f590_0, 4, 13;
T_0.12 ;
T_0.11 ;
T_0.9 ;
T_0.7 ;
T_0.5 ;
T_0.3 ;
T_0.1 ;
    %jmp T_0;
    .thread T_0, $push;
    .scope S_0x7f872e010b10;
T_1 ;
    %pushi/vec4 6847, 0, 13;
    %store/vec4 v0x7f872e02f760_0, 0, 13;
    %pushi/vec4 0, 0, 3;
    %store/vec4 v0x7f872e02f8e0_0, 0, 3;
    %delay 2, 0;
    %vpi_call 2 22 "$display", "out = %b", v0x7f872e02f810_0 {0 0 0};
    %pushi/vec4 6847, 0, 13;
    %store/vec4 v0x7f872e02f760_0, 0, 13;
    %pushi/vec4 4, 0, 3;
    %store/vec4 v0x7f872e02f8e0_0, 0, 3;
    %delay 2, 0;
    %vpi_call 2 28 "$display", "out = %b", v0x7f872e02f810_0 {0 0 0};
    %vpi_call 2 30 "$finish" {0 0 0};
    %end;
    .thread T_1;
    .scope S_0x7f872e010b10;
T_2 ;
    %vpi_call 2 34 "$dumpfile", "demux13_7.vcd" {0 0 0};
    %vpi_call 2 35 "$dumpvars" {0 0 0};
    %end;
    .thread T_2;
# The file index is used to find the file name in the following table.
:file_names 4;
    "N/A";
    "<interactive>";
    "demux13_7_tb.v";
    "demux13_7.v";
