#! /usr/local/Cellar/icarus-verilog/11.0/bin/vvp
:ivl_version "11.0 (stable)";
:ivl_delay_selection "TYPICAL";
:vpi_time_precision - 12;
:vpi_module "/usr/local/Cellar/icarus-verilog/11.0/lib/ivl/system.vpi";
:vpi_module "/usr/local/Cellar/icarus-verilog/11.0/lib/ivl/vhdl_sys.vpi";
:vpi_module "/usr/local/Cellar/icarus-verilog/11.0/lib/ivl/vhdl_textio.vpi";
:vpi_module "/usr/local/Cellar/icarus-verilog/11.0/lib/ivl/v2005_math.vpi";
:vpi_module "/usr/local/Cellar/icarus-verilog/11.0/lib/ivl/va_math.vpi";
S_0x7fcfeff041c0 .scope module, "demux_7_tb" "demux_7_tb" 2 3;
 .timescale -9 -12;
v0x7fcfeff15c90_0 .var "A", 0 0;
v0x7fcfeff15d20_0 .net "out", 7 0, L_0x7fcfeff16ce0;  1 drivers
v0x7fcfeff15db0_0 .var "select", 2 0;
S_0x7fcfeff04340 .scope module, "demux_test" "demux_7" 2 9, 3 2 0, S_0x7fcfeff041c0;
 .timescale 0 0;
    .port_info 0 /INPUT 1 "A";
    .port_info 1 /INPUT 3 "select";
    .port_info 2 /OUTPUT 8 "out";
v0x7fcfeff04550_0 .net "A", 0 0, v0x7fcfeff15c90_0;  1 drivers
L_0x7fcff0b63050 .functor BUFT 1, C4<0>, C4<0>, C4<0>, C4<0>;
v0x7fcfeff145f0_0 .net/2u *"_ivl_10", 0 0, L_0x7fcff0b63050;  1 drivers
v0x7fcfeff146a0_0 .net *"_ivl_12", 0 0, L_0x7fcfeff15fa0;  1 drivers
L_0x7fcff0b63098 .functor BUFT 1, C4<010>, C4<0>, C4<0>, C4<0>;
v0x7fcfeff14760_0 .net/2u *"_ivl_16", 2 0, L_0x7fcff0b63098;  1 drivers
v0x7fcfeff14810_0 .net *"_ivl_18", 0 0, L_0x7fcfeff16100;  1 drivers
o0x7fcff0b320f8 .functor BUFZ 1, C4<z>; HiZ drive
; Elide local net with no drivers, v0x7fcfeff148f0_0 name=_ivl_2
L_0x7fcff0b630e0 .functor BUFT 1, C4<0>, C4<0>, C4<0>, C4<0>;
v0x7fcfeff149a0_0 .net/2u *"_ivl_20", 0 0, L_0x7fcff0b630e0;  1 drivers
v0x7fcfeff14a50_0 .net *"_ivl_22", 0 0, L_0x7fcfeff16200;  1 drivers
L_0x7fcff0b63128 .functor BUFT 1, C4<011>, C4<0>, C4<0>, C4<0>;
v0x7fcfeff14b00_0 .net/2u *"_ivl_26", 2 0, L_0x7fcff0b63128;  1 drivers
v0x7fcfeff14c10_0 .net *"_ivl_28", 0 0, L_0x7fcfeff16380;  1 drivers
L_0x7fcff0b63170 .functor BUFT 1, C4<0>, C4<0>, C4<0>, C4<0>;
v0x7fcfeff14cb0_0 .net/2u *"_ivl_30", 0 0, L_0x7fcff0b63170;  1 drivers
v0x7fcfeff14d60_0 .net *"_ivl_32", 0 0, L_0x7fcfeff164d0;  1 drivers
L_0x7fcff0b631b8 .functor BUFT 1, C4<100>, C4<0>, C4<0>, C4<0>;
v0x7fcfeff14e10_0 .net/2u *"_ivl_36", 2 0, L_0x7fcff0b631b8;  1 drivers
v0x7fcfeff14ec0_0 .net *"_ivl_38", 0 0, L_0x7fcfeff16670;  1 drivers
L_0x7fcff0b63200 .functor BUFT 1, C4<0>, C4<0>, C4<0>, C4<0>;
v0x7fcfeff14f60_0 .net/2u *"_ivl_40", 0 0, L_0x7fcff0b63200;  1 drivers
v0x7fcfeff15010_0 .net *"_ivl_42", 0 0, L_0x7fcfeff16750;  1 drivers
L_0x7fcff0b63248 .functor BUFT 1, C4<101>, C4<0>, C4<0>, C4<0>;
v0x7fcfeff150c0_0 .net/2u *"_ivl_46", 2 0, L_0x7fcff0b63248;  1 drivers
v0x7fcfeff15250_0 .net *"_ivl_48", 0 0, L_0x7fcfeff168f0;  1 drivers
L_0x7fcff0b63290 .functor BUFT 1, C4<0>, C4<0>, C4<0>, C4<0>;
v0x7fcfeff152e0_0 .net/2u *"_ivl_50", 0 0, L_0x7fcff0b63290;  1 drivers
v0x7fcfeff15380_0 .net *"_ivl_52", 0 0, L_0x7fcfeff169e0;  1 drivers
L_0x7fcff0b632d8 .functor BUFT 1, C4<110>, C4<0>, C4<0>, C4<0>;
v0x7fcfeff15430_0 .net/2u *"_ivl_56", 2 0, L_0x7fcff0b632d8;  1 drivers
v0x7fcfeff154e0_0 .net *"_ivl_58", 0 0, L_0x7fcfeff16ac0;  1 drivers
L_0x7fcff0b63008 .functor BUFT 1, C4<001>, C4<0>, C4<0>, C4<0>;
v0x7fcfeff15580_0 .net/2u *"_ivl_6", 2 0, L_0x7fcff0b63008;  1 drivers
L_0x7fcff0b63320 .functor BUFT 1, C4<0>, C4<0>, C4<0>, C4<0>;
v0x7fcfeff15630_0 .net/2u *"_ivl_60", 0 0, L_0x7fcff0b63320;  1 drivers
v0x7fcfeff156e0_0 .net *"_ivl_62", 0 0, L_0x7fcfeff16c00;  1 drivers
L_0x7fcff0b63368 .functor BUFT 1, C4<111>, C4<0>, C4<0>, C4<0>;
v0x7fcfeff15790_0 .net/2u *"_ivl_67", 2 0, L_0x7fcff0b63368;  1 drivers
v0x7fcfeff15840_0 .net *"_ivl_69", 0 0, L_0x7fcfeff17000;  1 drivers
L_0x7fcff0b633b0 .functor BUFT 1, C4<0>, C4<0>, C4<0>, C4<0>;
v0x7fcfeff158e0_0 .net/2u *"_ivl_71", 0 0, L_0x7fcff0b633b0;  1 drivers
v0x7fcfeff15990_0 .net *"_ivl_73", 0 0, L_0x7fcfeff171a0;  1 drivers
v0x7fcfeff15a40_0 .net *"_ivl_8", 0 0, L_0x7fcfeff15e60;  1 drivers
v0x7fcfeff15ae0_0 .net "out", 7 0, L_0x7fcfeff16ce0;  alias, 1 drivers
v0x7fcfeff15b90_0 .net "select", 2 0, v0x7fcfeff15db0_0;  1 drivers
L_0x7fcfeff15e60 .cmp/eq 3, v0x7fcfeff15db0_0, L_0x7fcff0b63008;
L_0x7fcfeff15fa0 .functor MUXZ 1, L_0x7fcff0b63050, v0x7fcfeff15c90_0, L_0x7fcfeff15e60, C4<>;
L_0x7fcfeff16100 .cmp/eq 3, v0x7fcfeff15db0_0, L_0x7fcff0b63098;
L_0x7fcfeff16200 .functor MUXZ 1, L_0x7fcff0b630e0, v0x7fcfeff15c90_0, L_0x7fcfeff16100, C4<>;
L_0x7fcfeff16380 .cmp/eq 3, v0x7fcfeff15db0_0, L_0x7fcff0b63128;
L_0x7fcfeff164d0 .functor MUXZ 1, L_0x7fcff0b63170, v0x7fcfeff15c90_0, L_0x7fcfeff16380, C4<>;
L_0x7fcfeff16670 .cmp/eq 3, v0x7fcfeff15db0_0, L_0x7fcff0b631b8;
L_0x7fcfeff16750 .functor MUXZ 1, L_0x7fcff0b63200, v0x7fcfeff15c90_0, L_0x7fcfeff16670, C4<>;
L_0x7fcfeff168f0 .cmp/eq 3, v0x7fcfeff15db0_0, L_0x7fcff0b63248;
L_0x7fcfeff169e0 .functor MUXZ 1, L_0x7fcff0b63290, v0x7fcfeff15c90_0, L_0x7fcfeff168f0, C4<>;
L_0x7fcfeff16ac0 .cmp/eq 3, v0x7fcfeff15db0_0, L_0x7fcff0b632d8;
L_0x7fcfeff16c00 .functor MUXZ 1, L_0x7fcff0b63320, v0x7fcfeff15c90_0, L_0x7fcfeff16ac0, C4<>;
LS_0x7fcfeff16ce0_0_0 .concat8 [ 1 1 1 1], o0x7fcff0b320f8, L_0x7fcfeff15fa0, L_0x7fcfeff16200, L_0x7fcfeff164d0;
LS_0x7fcfeff16ce0_0_4 .concat8 [ 1 1 1 1], L_0x7fcfeff16750, L_0x7fcfeff169e0, L_0x7fcfeff16c00, L_0x7fcfeff171a0;
L_0x7fcfeff16ce0 .concat8 [ 4 4 0 0], LS_0x7fcfeff16ce0_0_0, LS_0x7fcfeff16ce0_0_4;
L_0x7fcfeff17000 .cmp/eq 3, v0x7fcfeff15db0_0, L_0x7fcff0b63368;
L_0x7fcfeff171a0 .functor MUXZ 1, L_0x7fcff0b633b0, v0x7fcfeff15c90_0, L_0x7fcfeff17000, C4<>;
    .scope S_0x7fcfeff041c0;
T_0 ;
    %delay 1000, 0;
    %pushi/vec4 1, 0, 1;
    %store/vec4 v0x7fcfeff15c90_0, 0, 1;
    %pushi/vec4 1, 0, 3;
    %store/vec4 v0x7fcfeff15db0_0, 0, 3;
    %vpi_call 2 14 "$display", "A=%b, select=%b, out=%b", v0x7fcfeff15c90_0, v0x7fcfeff15db0_0, v0x7fcfeff15d20_0 {0 0 0};
    %delay 1000, 0;
    %pushi/vec4 1, 0, 1;
    %store/vec4 v0x7fcfeff15c90_0, 0, 1;
    %pushi/vec4 2, 0, 3;
    %store/vec4 v0x7fcfeff15db0_0, 0, 3;
    %vpi_call 2 17 "$display", "A=%b, select=%b, out=%b", v0x7fcfeff15c90_0, v0x7fcfeff15db0_0, v0x7fcfeff15d20_0 {0 0 0};
    %delay 1000, 0;
    %pushi/vec4 1, 0, 1;
    %store/vec4 v0x7fcfeff15c90_0, 0, 1;
    %pushi/vec4 3, 0, 3;
    %store/vec4 v0x7fcfeff15db0_0, 0, 3;
    %vpi_call 2 20 "$display", "A=%b, select=%b, out=%b", v0x7fcfeff15c90_0, v0x7fcfeff15db0_0, v0x7fcfeff15d20_0 {0 0 0};
    %delay 1000, 0;
    %pushi/vec4 1, 0, 1;
    %store/vec4 v0x7fcfeff15c90_0, 0, 1;
    %pushi/vec4 5, 0, 3;
    %store/vec4 v0x7fcfeff15db0_0, 0, 3;
    %vpi_call 2 23 "$display", "A=%b, select=%b, out=%b", v0x7fcfeff15c90_0, v0x7fcfeff15db0_0, v0x7fcfeff15d20_0 {0 0 0};
    %delay 1000, 0;
    %vpi_call 2 25 "$finish" {0 0 0};
    %end;
    .thread T_0;
    .scope S_0x7fcfeff041c0;
T_1 ;
    %vpi_call 2 29 "$dumpfile", "demux7.vcd" {0 0 0};
    %vpi_call 2 30 "$dumpvars" {0 0 0};
    %end;
    .thread T_1;
# The file index is used to find the file name in the following table.
:file_names 4;
    "N/A";
    "<interactive>";
    "demux7_tb.v";
    "demux7.v";
